  Game.cpp
C:\Program Files (x86)\Windows Kits\10\Include\10.0.22000.0\um\winbase.h(7723,48): warning C5039: 'TpSetCallbackCleanupGroup': -EHc 아래의 'extern "C"' 함수로 전달되는 잠재적인 throw 함수에 대한 포인터 또는 참조입니다. 이 함수가 예외를 throw하는 경우 정의되지 않은 동작이 발생할 수 있습니다.
C:\Program Files (x86)\Windows Kits\10\Include\10.0.22000.0\um\winioctl.h(11004,22): warning C4668: '_WIN32_WINNT_WIN10_TH2'은(는) 전처리기 매크로로 정의되어 있지 않으므로 '#if/#elif'에 해당하는 '0'으로 바뀝니다.
C:\Program Files (x86)\Windows Kits\10\Include\10.0.22000.0\um\winioctl.h(11010,22): warning C4668: '_WIN32_WINNT_WIN10_RS1'은(는) 전처리기 매크로로 정의되어 있지 않으므로 '#if/#elif'에 해당하는 '0'으로 바뀝니다.
C:\Program Files (x86)\Windows Kits\10\Include\10.0.22000.0\um\winioctl.h(11015,22): warning C4668: '_WIN32_WINNT_WIN10_TH2'은(는) 전처리기 매크로로 정의되어 있지 않으므로 '#if/#elif'에 해당하는 '0'으로 바뀝니다.
C:\Program Files (x86)\Windows Kits\10\Include\10.0.22000.0\um\winioctl.h(11020,22): warning C4668: '_WIN32_WINNT_WIN10_TH2'은(는) 전처리기 매크로로 정의되어 있지 않으므로 '#if/#elif'에 해당하는 '0'으로 바뀝니다.
C:\Program Files (x86)\Windows Kits\10\Include\10.0.22000.0\um\winioctl.h(11027,22): warning C4668: '_WIN32_WINNT_WIN10_RS1'은(는) 전처리기 매크로로 정의되어 있지 않으므로 '#if/#elif'에 해당하는 '0'으로 바뀝니다.
C:\Program Files (x86)\Windows Kits\10\Include\10.0.22000.0\um\winioctl.h(11032,22): warning C4668: '_WIN32_WINNT_WIN10_RS2'은(는) 전처리기 매크로로 정의되어 있지 않으므로 '#if/#elif'에 해당하는 '0'으로 바뀝니다.
C:\Program Files (x86)\Windows Kits\10\Include\10.0.22000.0\um\winioctl.h(11043,22): warning C4668: '_WIN32_WINNT_WIN10_RS2'은(는) 전처리기 매크로로 정의되어 있지 않으므로 '#if/#elif'에 해당하는 '0'으로 바뀝니다.
C:\Program Files (x86)\Windows Kits\10\Include\10.0.22000.0\um\winioctl.h(11048,22): warning C4668: '_WIN32_WINNT_WIN10_TH2'은(는) 전처리기 매크로로 정의되어 있지 않으므로 '#if/#elif'에 해당하는 '0'으로 바뀝니다.
C:\Program Files (x86)\Windows Kits\10\Include\10.0.22000.0\um\winioctl.h(11054,22): warning C4668: '_WIN32_WINNT_WIN10_RS3'은(는) 전처리기 매크로로 정의되어 있지 않으므로 '#if/#elif'에 해당하는 '0'으로 바뀝니다.
C:\Program Files (x86)\Windows Kits\10\Include\10.0.22000.0\um\winioctl.h(11062,22): warning C4668: '_WIN32_WINNT_WIN10_RS4'은(는) 전처리기 매크로로 정의되어 있지 않으므로 '#if/#elif'에 해당하는 '0'으로 바뀝니다.
C:\Program Files (x86)\Windows Kits\10\Include\10.0.22000.0\um\winioctl.h(11066,22): warning C4668: '_WIN32_WINNT_WIN10_RS1'은(는) 전처리기 매크로로 정의되어 있지 않으므로 '#if/#elif'에 해당하는 '0'으로 바뀝니다.
C:\Program Files (x86)\Windows Kits\10\Include\10.0.22000.0\um\winioctl.h(11070,22): warning C4668: '_WIN32_WINNT_WIN10_RS4'은(는) 전처리기 매크로로 정의되어 있지 않으므로 '#if/#elif'에 해당하는 '0'으로 바뀝니다.
C:\Program Files (x86)\Windows Kits\10\Include\10.0.22000.0\um\winioctl.h(11075,22): warning C4668: '_WIN32_WINNT_WIN10_RS1'은(는) 전처리기 매크로로 정의되어 있지 않으므로 '#if/#elif'에 해당하는 '0'으로 바뀝니다.
C:\Program Files (x86)\Windows Kits\10\Include\10.0.22000.0\um\winioctl.h(11078,22): warning C4668: '_WIN32_WINNT_WIN10_RS5'은(는) 전처리기 매크로로 정의되어 있지 않으므로 '#if/#elif'에 해당하는 '0'으로 바뀝니다.
C:\Program Files (x86)\Windows Kits\10\Include\10.0.22000.0\um\winioctl.h(11293,22): warning C4668: '_WIN32_WINNT_WIN10_RS2'은(는) 전처리기 매크로로 정의되어 있지 않으므로 '#if/#elif'에 해당하는 '0'으로 바뀝니다.
C:\Program Files (x86)\Windows Kits\10\Include\10.0.22000.0\um\winioctl.h(11317,22): warning C4668: '_WIN32_WINNT_WIN10_RS5'은(는) 전처리기 매크로로 정의되어 있지 않으므로 '#if/#elif'에 해당하는 '0'으로 바뀝니다.
C:\Program Files (x86)\Windows Kits\10\Include\10.0.22000.0\um\winioctl.h(14840,22): warning C4668: '_WIN32_WINNT_WIN10_RS5'은(는) 전처리기 매크로로 정의되어 있지 않으므로 '#if/#elif'에 해당하는 '0'으로 바뀝니다.
C:\Program Files (x86)\Windows Kits\10\Include\10.0.22000.0\um\winioctl.h(15042,22): warning C4668: '_WIN32_WINNT_WIN10_RS5'은(는) 전처리기 매크로로 정의되어 있지 않으므로 '#if/#elif'에 해당하는 '0'으로 바뀝니다.
C:\Program Files (x86)\Windows Kits\10\Include\10.0.22000.0\um\winioctl.h(15145,22): warning C4668: '_WIN32_WINNT_WIN10_RS5'은(는) 전처리기 매크로로 정의되어 있지 않으므로 '#if/#elif'에 해당하는 '0'으로 바뀝니다.
C:\Program Files (x86)\Windows Kits\10\Include\10.0.22000.0\um\winioctl.h(15241,21): warning C4668: '_WIN32_WINNT_WIN10_RS5'은(는) 전처리기 매크로로 정의되어 있지 않으므로 '#if/#elif'에 해당하는 '0'으로 바뀝니다.
C:\Program Files (x86)\Windows Kits\10\Include\10.0.22000.0\um\winioctl.h(15345,22): warning C4668: '_WIN32_WINNT_WIN10_RS5'은(는) 전처리기 매크로로 정의되어 있지 않으므로 '#if/#elif'에 해당하는 '0'으로 바뀝니다.
C:\Program Files (x86)\Windows Kits\10\Include\10.0.22000.0\um\winioctl.h(16089,23): warning C4668: '_WIN32_WINNT_WIN10_RS2'은(는) 전처리기 매크로로 정의되어 있지 않으므로 '#if/#elif'에 해당하는 '0'으로 바뀝니다.
C:\Program Files (x86)\Windows Kits\10\Include\10.0.22000.0\um\winioctl.h(16177,22): warning C4668: '_WIN32_WINNT_WIN10_RS2'은(는) 전처리기 매크로로 정의되어 있지 않으므로 '#if/#elif'에 해당하는 '0'으로 바뀝니다.
C:\Program Files (x86)\Windows Kits\10\Include\10.0.22000.0\um\winioctl.h(16303,22): warning C4668: '_WIN32_WINNT_WIN10_RS3'은(는) 전처리기 매크로로 정의되어 있지 않으므로 '#if/#elif'에 해당하는 '0'으로 바뀝니다.
C:\Program Files (x86)\Windows Kits\10\Include\10.0.22000.0\um\winioctl.h(16452,22): warning C4668: '_WIN32_WINNT_WIN10_RS4'은(는) 전처리기 매크로로 정의되어 있지 않으므로 '#if/#elif'에 해당하는 '0'으로 바뀝니다.
C:\Program Files (x86)\Windows Kits\10\Include\10.0.22000.0\um\winioctl.h(16465,22): warning C4668: '_WIN32_WINNT_WIN10_RS4'은(는) 전처리기 매크로로 정의되어 있지 않으므로 '#if/#elif'에 해당하는 '0'으로 바뀝니다.
C:\Program Files (x86)\Windows Kits\10\Include\10.0.22000.0\um\winioctl.h(16694,22): warning C4668: '_WIN32_WINNT_WIN10_RS1'은(는) 전처리기 매크로로 정의되어 있지 않으므로 '#if/#elif'에 해당하는 '0'으로 바뀝니다.
  Library.vcxproj -> C:\2024_GGP\GGP_DX11Practice\Build\x64\Release\Library.lib
  하위 디렉터리 또는 파일 C:\2024_GGP\GGP_DX11Practice\Build\..\Library\x64\Release이(가) 이미 있습니다.
  C:\2024_GGP\GGP_DX11Practice\Build\x64\Release\Game.exe
  C:\2024_GGP\GGP_DX11Practice\Build\x64\Release\Game.pdb
  C:\2024_GGP\GGP_DX11Practice\Build\x64\Release\Library.lib
  C:\2024_GGP\GGP_DX11Practice\Build\x64\Release\Library.pdb
          4개 파일이 복사되었습니다.
